Analysis & Synthesis report for Dino_Game
Tue Sep 06 19:48:43 2022
Quartus II 64-Bit Version 13.0.1 Build 232 06/12/2013 Service Pack 1 SJ Web Edition


---------------------
; Table of Contents ;
---------------------
  1. Legal Notice
  2. Analysis & Synthesis Summary
  3. Analysis & Synthesis Settings
  4. Parallel Compilation
  5. Analysis & Synthesis Source Files Read
  6. Analysis & Synthesis Resource Usage Summary
  7. Analysis & Synthesis Resource Utilization by Entity
  8. Analysis & Synthesis RAM Summary
  9. Analysis & Synthesis IP Cores Summary
 10. Registers Removed During Synthesis
 11. General Register Statistics
 12. Multiplexer Restructuring Statistics (Restructuring Performed)
 13. Source assignments for ControlUnit:U1|Dino:U3|DInoData:U6|altsyncram:altsyncram_component|altsyncram_pi91:auto_generated
 14. Source assignments for ControlUnit:U1|Dino:U3|DInoData1:U7|altsyncram:altsyncram_component|altsyncram_ak91:auto_generated
 15. Parameter Settings for User Entity Instance: ControlUnit:U1|Dino:U3|DInoData:U6|altsyncram:altsyncram_component
 16. Parameter Settings for User Entity Instance: ControlUnit:U1|Dino:U3|DInoData1:U7|altsyncram:altsyncram_component
 17. altsyncram Parameter Settings by Entity Instance
 18. Port Connectivity Checks: "ControlUnit:U1|Score:U5"
 19. Port Connectivity Checks: "ControlUnit:U1|Dino:U3"
 20. Port Connectivity Checks: "ControlUnit:U1|Huddle:U2"
 21. Elapsed Time Per Partition
 22. Analysis & Synthesis Messages



----------------
; Legal Notice ;
----------------
Copyright (C) 1991-2013 Altera Corporation
Your use of Altera Corporation's design tools, logic functions 
and other software and tools, and its AMPP partner logic 
functions, and any output files from any of the foregoing 
(including device programming or simulation files), and any 
associated documentation or information are expressly subject 
to the terms and conditions of the Altera Program License 
Subscription Agreement, Altera MegaCore Function License 
Agreement, or other applicable license agreement, including, 
without limitation, that your use is for the sole purpose of 
programming logic devices manufactured by Altera and sold by 
Altera or its authorized distributors.  Please refer to the 
applicable agreement for further details.



+--------------------------------------------------------------------------------------+
; Analysis & Synthesis Summary                                                         ;
+------------------------------------+-------------------------------------------------+
; Analysis & Synthesis Status        ; Successful - Tue Sep 06 19:48:43 2022           ;
; Quartus II 64-Bit Version          ; 13.0.1 Build 232 06/12/2013 SP 1 SJ Web Edition ;
; Revision Name                      ; Dino_Game                                       ;
; Top-level Entity Name              ; Main                                            ;
; Family                             ; Cyclone III                                     ;
; Total logic elements               ; 127                                             ;
;     Total combinational functions  ; 125                                             ;
;     Dedicated logic registers      ; 65                                              ;
; Total registers                    ; 65                                              ;
; Total pins                         ; 10                                              ;
; Total virtual pins                 ; 0                                               ;
; Total memory bits                  ; 8,398                                           ;
; Embedded Multiplier 9-bit elements ; 0                                               ;
; Total PLLs                         ; 0                                               ;
+------------------------------------+-------------------------------------------------+


+----------------------------------------------------------------------------------------------------------------------+
; Analysis & Synthesis Settings                                                                                        ;
+----------------------------------------------------------------------------+--------------------+--------------------+
; Option                                                                     ; Setting            ; Default Value      ;
+----------------------------------------------------------------------------+--------------------+--------------------+
; Device                                                                     ; EP3C16F484C6       ;                    ;
; Top-level entity name                                                      ; Main               ; Dino_Game          ;
; Family name                                                                ; Cyclone III        ; Cyclone IV GX      ;
; Use smart compilation                                                      ; Off                ; Off                ;
; Enable parallel Assembler and TimeQuest Timing Analyzer during compilation ; On                 ; On                 ;
; Enable compact report table                                                ; Off                ; Off                ;
; Restructure Multiplexers                                                   ; Auto               ; Auto               ;
; Create Debugging Nodes for IP Cores                                        ; Off                ; Off                ;
; Preserve fewer node names                                                  ; On                 ; On                 ;
; Disable OpenCore Plus hardware evaluation                                  ; Off                ; Off                ;
; Verilog Version                                                            ; Verilog_2001       ; Verilog_2001       ;
; VHDL Version                                                               ; VHDL_1993          ; VHDL_1993          ;
; State Machine Processing                                                   ; Auto               ; Auto               ;
; Safe State Machine                                                         ; Off                ; Off                ;
; Extract Verilog State Machines                                             ; On                 ; On                 ;
; Extract VHDL State Machines                                                ; On                 ; On                 ;
; Ignore Verilog initial constructs                                          ; Off                ; Off                ;
; Iteration limit for constant Verilog loops                                 ; 5000               ; 5000               ;
; Iteration limit for non-constant Verilog loops                             ; 250                ; 250                ;
; Add Pass-Through Logic to Inferred RAMs                                    ; On                 ; On                 ;
; Infer RAMs from Raw Logic                                                  ; On                 ; On                 ;
; Parallel Synthesis                                                         ; On                 ; On                 ;
; DSP Block Balancing                                                        ; Auto               ; Auto               ;
; NOT Gate Push-Back                                                         ; On                 ; On                 ;
; Power-Up Don't Care                                                        ; On                 ; On                 ;
; Remove Redundant Logic Cells                                               ; Off                ; Off                ;
; Remove Duplicate Registers                                                 ; On                 ; On                 ;
; Ignore CARRY Buffers                                                       ; Off                ; Off                ;
; Ignore CASCADE Buffers                                                     ; Off                ; Off                ;
; Ignore GLOBAL Buffers                                                      ; Off                ; Off                ;
; Ignore ROW GLOBAL Buffers                                                  ; Off                ; Off                ;
; Ignore LCELL Buffers                                                       ; Off                ; Off                ;
; Ignore SOFT Buffers                                                        ; On                 ; On                 ;
; Limit AHDL Integers to 32 Bits                                             ; Off                ; Off                ;
; Optimization Technique                                                     ; Balanced           ; Balanced           ;
; Carry Chain Length                                                         ; 70                 ; 70                 ;
; Auto Carry Chains                                                          ; On                 ; On                 ;
; Auto Open-Drain Pins                                                       ; On                 ; On                 ;
; Perform WYSIWYG Primitive Resynthesis                                      ; Off                ; Off                ;
; Auto ROM Replacement                                                       ; On                 ; On                 ;
; Auto RAM Replacement                                                       ; On                 ; On                 ;
; Auto DSP Block Replacement                                                 ; On                 ; On                 ;
; Auto Shift Register Replacement                                            ; Auto               ; Auto               ;
; Allow Shift Register Merging across Hierarchies                            ; Auto               ; Auto               ;
; Auto Clock Enable Replacement                                              ; On                 ; On                 ;
; Strict RAM Replacement                                                     ; Off                ; Off                ;
; Allow Synchronous Control Signals                                          ; On                 ; On                 ;
; Force Use of Synchronous Clear Signals                                     ; Off                ; Off                ;
; Auto RAM Block Balancing                                                   ; On                 ; On                 ;
; Auto RAM to Logic Cell Conversion                                          ; Off                ; Off                ;
; Auto Resource Sharing                                                      ; Off                ; Off                ;
; Allow Any RAM Size For Recognition                                         ; Off                ; Off                ;
; Allow Any ROM Size For Recognition                                         ; Off                ; Off                ;
; Allow Any Shift Register Size For Recognition                              ; Off                ; Off                ;
; Use LogicLock Constraints during Resource Balancing                        ; On                 ; On                 ;
; Ignore translate_off and synthesis_off directives                          ; Off                ; Off                ;
; Timing-Driven Synthesis                                                    ; On                 ; On                 ;
; Report Parameter Settings                                                  ; On                 ; On                 ;
; Report Source Assignments                                                  ; On                 ; On                 ;
; Report Connectivity Checks                                                 ; On                 ; On                 ;
; Ignore Maximum Fan-Out Assignments                                         ; Off                ; Off                ;
; Synchronization Register Chain Length                                      ; 2                  ; 2                  ;
; PowerPlay Power Optimization                                               ; Normal compilation ; Normal compilation ;
; HDL message level                                                          ; Level2             ; Level2             ;
; Suppress Register Optimization Related Messages                            ; Off                ; Off                ;
; Number of Removed Registers Reported in Synthesis Report                   ; 5000               ; 5000               ;
; Number of Swept Nodes Reported in Synthesis Report                         ; 5000               ; 5000               ;
; Number of Inverted Registers Reported in Synthesis Report                  ; 100                ; 100                ;
; Clock MUX Protection                                                       ; On                 ; On                 ;
; Auto Gated Clock Conversion                                                ; Off                ; Off                ;
; Block Design Naming                                                        ; Auto               ; Auto               ;
; SDC constraint protection                                                  ; Off                ; Off                ;
; Synthesis Effort                                                           ; Auto               ; Auto               ;
; Shift Register Replacement - Allow Asynchronous Clear Signal               ; On                 ; On                 ;
; Pre-Mapping Resynthesis Optimization                                       ; Off                ; Off                ;
; Analysis & Synthesis Message Level                                         ; Medium             ; Medium             ;
; Disable Register Merging Across Hierarchies                                ; Auto               ; Auto               ;
; Resource Aware Inference For Block RAM                                     ; On                 ; On                 ;
; Synthesis Seed                                                             ; 1                  ; 1                  ;
+----------------------------------------------------------------------------+--------------------+--------------------+


Parallel compilation was disabled, but you have multiple processors available. Enable parallel compilation to reduce compilation time.
+-------------------------------------+
; Parallel Compilation                ;
+----------------------------+--------+
; Processors                 ; Number ;
+----------------------------+--------+
; Number detected on machine ; 8      ;
; Maximum allowed            ; 1      ;
+----------------------------+--------+


+---------------------------------------------------------------------------------------------------------------------------------------------------------------------------+
; Analysis & Synthesis Source Files Read                                                                                                                                    ;
+----------------------------------+-----------------+----------------------------------+-------------------------------------------------------------------------+---------+
; File Name with User-Entered Path ; Used in Netlist ; File Type                        ; File Name with Absolute Path                                            ; Library ;
+----------------------------------+-----------------+----------------------------------+-------------------------------------------------------------------------+---------+
; Dino_Game1.mif                   ; yes             ; User Memory Initialization File  ; D:/Code/FPGA/Dino_Game/Dino_Game1.mif                                   ;         ;
; Dino.v                           ; yes             ; User Verilog HDL File            ; D:/Code/FPGA/Dino_Game/Dino.v                                           ;         ;
; Huddle.v                         ; yes             ; User Verilog HDL File            ; D:/Code/FPGA/Dino_Game/Huddle.v                                         ;         ;
; Space.v                          ; yes             ; User Verilog HDL File            ; D:/Code/FPGA/Dino_Game/Space.v                                          ;         ;
; CountrolUnit.v                   ; yes             ; User Verilog HDL File            ; D:/Code/FPGA/Dino_Game/CountrolUnit.v                                   ;         ;
; Main.v                           ; yes             ; User Verilog HDL File            ; D:/Code/FPGA/Dino_Game/Main.v                                           ;         ;
; Score.v                          ; yes             ; User Verilog HDL File            ; D:/Code/FPGA/Dino_Game/Score.v                                          ;         ;
; Dino_Game.mif                    ; yes             ; User Memory Initialization File  ; D:/Code/FPGA/Dino_Game/Dino_Game.mif                                    ;         ;
; DInoData.v                       ; yes             ; User Wizard-Generated File       ; D:/Code/FPGA/Dino_Game/DInoData.v                                       ;         ;
; DInoData1.v                      ; yes             ; User Wizard-Generated File       ; D:/Code/FPGA/Dino_Game/DInoData1.v                                      ;         ;
; altsyncram.tdf                   ; yes             ; Megafunction                     ; c:/altera/13.0sp1/quartus/libraries/megafunctions/altsyncram.tdf        ;         ;
; stratix_ram_block.inc            ; yes             ; Megafunction                     ; c:/altera/13.0sp1/quartus/libraries/megafunctions/stratix_ram_block.inc ;         ;
; lpm_mux.inc                      ; yes             ; Megafunction                     ; c:/altera/13.0sp1/quartus/libraries/megafunctions/lpm_mux.inc           ;         ;
; lpm_decode.inc                   ; yes             ; Megafunction                     ; c:/altera/13.0sp1/quartus/libraries/megafunctions/lpm_decode.inc        ;         ;
; aglobal130.inc                   ; yes             ; Megafunction                     ; c:/altera/13.0sp1/quartus/libraries/megafunctions/aglobal130.inc        ;         ;
; a_rdenreg.inc                    ; yes             ; Megafunction                     ; c:/altera/13.0sp1/quartus/libraries/megafunctions/a_rdenreg.inc         ;         ;
; altrom.inc                       ; yes             ; Megafunction                     ; c:/altera/13.0sp1/quartus/libraries/megafunctions/altrom.inc            ;         ;
; altram.inc                       ; yes             ; Megafunction                     ; c:/altera/13.0sp1/quartus/libraries/megafunctions/altram.inc            ;         ;
; altdpram.inc                     ; yes             ; Megafunction                     ; c:/altera/13.0sp1/quartus/libraries/megafunctions/altdpram.inc          ;         ;
; db/altsyncram_pi91.tdf           ; yes             ; Auto-Generated Megafunction      ; D:/Code/FPGA/Dino_Game/db/altsyncram_pi91.tdf                           ;         ;
; db/altsyncram_ak91.tdf           ; yes             ; Auto-Generated Megafunction      ; D:/Code/FPGA/Dino_Game/db/altsyncram_ak91.tdf                           ;         ;
+----------------------------------+-----------------+----------------------------------+-------------------------------------------------------------------------+---------+


+---------------------------------------------------------+
; Analysis & Synthesis Resource Usage Summary             ;
+---------------------------------------------+-----------+
; Resource                                    ; Usage     ;
+---------------------------------------------+-----------+
; Estimated Total logic elements              ; 127       ;
;                                             ;           ;
; Total combinational functions               ; 125       ;
; Logic element usage by number of LUT inputs ;           ;
;     -- 4 input functions                    ; 51        ;
;     -- 3 input functions                    ; 7         ;
;     -- <=2 input functions                  ; 67        ;
;                                             ;           ;
; Logic elements by mode                      ;           ;
;     -- normal mode                          ; 71        ;
;     -- arithmetic mode                      ; 54        ;
;                                             ;           ;
; Total registers                             ; 65        ;
;     -- Dedicated logic registers            ; 65        ;
;     -- I/O registers                        ; 0         ;
;                                             ;           ;
; I/O pins                                    ; 10        ;
; Total memory bits                           ; 8398      ;
; Embedded Multiplier 9-bit elements          ; 0         ;
; Maximum fan-out node                        ; clk~input ;
; Maximum fan-out                             ; 67        ;
; Total fan-out                               ; 603       ;
; Average fan-out                             ; 2.84      ;
+---------------------------------------------+-----------+


+---------------------------------------------------------------------------------------------------------------------------------------------------------------------------------------------------------------------------------------------------------------------------------------+
; Analysis & Synthesis Resource Utilization by Entity                                                                                                                                                                                                                                   ;
+-------------------------------------------------+-------------------+--------------+-------------+--------------+---------+-----------+------+--------------+----------------------------------------------------------------------------------------------------------+--------------+
; Compilation Hierarchy Node                      ; LC Combinationals ; LC Registers ; Memory Bits ; DSP Elements ; DSP 9x9 ; DSP 18x18 ; Pins ; Virtual Pins ; Full Hierarchy Name                                                                                      ; Library Name ;
+-------------------------------------------------+-------------------+--------------+-------------+--------------+---------+-----------+------+--------------+----------------------------------------------------------------------------------------------------------+--------------+
; |Main                                           ; 125 (70)          ; 65 (25)      ; 8398        ; 0            ; 0       ; 0         ; 10   ; 0            ; |Main                                                                                                    ; work         ;
;    |ControlUnit:U1|                             ; 55 (0)            ; 40 (0)       ; 8398        ; 0            ; 0       ; 0         ; 0    ; 0            ; |Main|ControlUnit:U1                                                                                     ; work         ;
;       |Dino:U3|                                 ; 55 (55)           ; 40 (40)      ; 8398        ; 0            ; 0       ; 0         ; 0    ; 0            ; |Main|ControlUnit:U1|Dino:U3                                                                             ; work         ;
;          |DInoData1:U7|                         ; 0 (0)             ; 0 (0)        ; 4199        ; 0            ; 0       ; 0         ; 0    ; 0            ; |Main|ControlUnit:U1|Dino:U3|DInoData1:U7                                                                ; work         ;
;             |altsyncram:altsyncram_component|   ; 0 (0)             ; 0 (0)        ; 4199        ; 0            ; 0       ; 0         ; 0    ; 0            ; |Main|ControlUnit:U1|Dino:U3|DInoData1:U7|altsyncram:altsyncram_component                                ; work         ;
;                |altsyncram_ak91:auto_generated| ; 0 (0)             ; 0 (0)        ; 4199        ; 0            ; 0       ; 0         ; 0    ; 0            ; |Main|ControlUnit:U1|Dino:U3|DInoData1:U7|altsyncram:altsyncram_component|altsyncram_ak91:auto_generated ; work         ;
;          |DInoData:U6|                          ; 0 (0)             ; 0 (0)        ; 4199        ; 0            ; 0       ; 0         ; 0    ; 0            ; |Main|ControlUnit:U1|Dino:U3|DInoData:U6                                                                 ; work         ;
;             |altsyncram:altsyncram_component|   ; 0 (0)             ; 0 (0)        ; 4199        ; 0            ; 0       ; 0         ; 0    ; 0            ; |Main|ControlUnit:U1|Dino:U3|DInoData:U6|altsyncram:altsyncram_component                                 ; work         ;
;                |altsyncram_pi91:auto_generated| ; 0 (0)             ; 0 (0)        ; 4199        ; 0            ; 0       ; 0         ; 0    ; 0            ; |Main|ControlUnit:U1|Dino:U3|DInoData:U6|altsyncram:altsyncram_component|altsyncram_pi91:auto_generated  ; work         ;
+-------------------------------------------------+-------------------+--------------+-------------+--------------+---------+-----------+------+--------------+----------------------------------------------------------------------------------------------------------+--------------+
Note: For table entries with two numbers listed, the numbers in parentheses indicate the number of resources of the given type used by the specific entity alone. The numbers listed outside of parentheses indicate the total resources of the given type used by the specific entity and all of its sub-entities in the hierarchy.


+-----------------------------------------------------------------------------------------------------------------------------------------------------------------------------------------------------------------+
; Analysis & Synthesis RAM Summary                                                                                                                                                                                ;
+---------------------------------------------------------------------------------------------------------------+------+------+--------------+--------------+--------------+--------------+------+----------------+
; Name                                                                                                          ; Type ; Mode ; Port A Depth ; Port A Width ; Port B Depth ; Port B Width ; Size ; MIF            ;
+---------------------------------------------------------------------------------------------------------------+------+------+--------------+--------------+--------------+--------------+------+----------------+
; ControlUnit:U1|Dino:U3|DInoData1:U7|altsyncram:altsyncram_component|altsyncram_ak91:auto_generated|ALTSYNCRAM ; AUTO ; ROM  ; 4199         ; 1            ; --           ; --           ; 4199 ; Dino_Game1.mif ;
; ControlUnit:U1|Dino:U3|DInoData:U6|altsyncram:altsyncram_component|altsyncram_pi91:auto_generated|ALTSYNCRAM  ; AUTO ; ROM  ; 4199         ; 1            ; --           ; --           ; 4199 ; Dino_Game.mif  ;
+---------------------------------------------------------------------------------------------------------------+------+------+--------------+--------------+--------------+--------------+------+----------------+


+------------------------------------------------------------------------------------------------------------------------------------------------+
; Analysis & Synthesis IP Cores Summary                                                                                                          ;
+--------+--------------+---------+--------------+--------------+-------------------------------------------+------------------------------------+
; Vendor ; IP Core Name ; Version ; Release Date ; License Type ; Entity Instance                           ; IP Include File                    ;
+--------+--------------+---------+--------------+--------------+-------------------------------------------+------------------------------------+
; Altera ; ROM: 1-PORT  ; 13.0    ; N/A          ; N/A          ; |Main|ControlUnit:U1|Dino:U3|DInoData:U6  ; D:/Code/FPGA/Dino_Game/DInoData.v  ;
; Altera ; ROM: 1-PORT  ; 13.0    ; N/A          ; N/A          ; |Main|ControlUnit:U1|Dino:U3|DInoData1:U7 ; D:/Code/FPGA/Dino_Game/DInoData1.v ;
+--------+--------------+---------+--------------+--------------+-------------------------------------------+------------------------------------+


+----------------------------------------------------------------------------------------------------------+
; Registers Removed During Synthesis                                                                       ;
+---------------------------------------------------+------------------------------------------------------+
; Register name                                     ; Reason for Removal                                   ;
+---------------------------------------------------+------------------------------------------------------+
; ControlUnit:U1|Dino:U3|DinoPosHorFrom[0,2,4..12]  ; Stuck at GND due to stuck port data_in               ;
; ControlUnit:U1|Dino:U3|DinoPosHorTo[1,2,4,6..12]  ; Stuck at GND due to stuck port data_in               ;
; ControlUnit:U1|Dino:U3|DinoPosVerFrom[0,2,4..12]  ; Stuck at GND due to stuck port data_in               ;
; ControlUnit:U1|Dino:U3|DinoPosVerTo[1..3,5,7..12] ; Stuck at GND due to stuck port data_in               ;
; green                                             ; Merged with blue                                     ;
; ControlUnit:U1|Dino:U3|DinoPosHorFrom[3]          ; Merged with ControlUnit:U1|Dino:U3|DinoPosHorFrom[1] ;
; ControlUnit:U1|Dino:U3|DinoPosHorTo[0,3,5]        ; Merged with ControlUnit:U1|Dino:U3|DinoPosHorFrom[1] ;
; ControlUnit:U1|Dino:U3|DinoPosVerFrom[1,3]        ; Merged with ControlUnit:U1|Dino:U3|DinoPosHorFrom[1] ;
; ControlUnit:U1|Dino:U3|DinoPosVerTo[0,4,6]        ; Merged with ControlUnit:U1|Dino:U3|DinoPosHorFrom[1] ;
; ControlUnit:U1|Dino:U3|address_counter[12]        ; Merged with ControlUnit:U1|Dino:U3|address[12]       ;
; ControlUnit:U1|Dino:U3|address_counter[11]        ; Merged with ControlUnit:U1|Dino:U3|address[11]       ;
; ControlUnit:U1|Dino:U3|address_counter[10]        ; Merged with ControlUnit:U1|Dino:U3|address[10]       ;
; ControlUnit:U1|Dino:U3|address_counter[9]         ; Merged with ControlUnit:U1|Dino:U3|address[9]        ;
; ControlUnit:U1|Dino:U3|address_counter[8]         ; Merged with ControlUnit:U1|Dino:U3|address[8]        ;
; ControlUnit:U1|Dino:U3|address_counter[7]         ; Merged with ControlUnit:U1|Dino:U3|address[7]        ;
; ControlUnit:U1|Dino:U3|address_counter[6]         ; Merged with ControlUnit:U1|Dino:U3|address[6]        ;
; ControlUnit:U1|Dino:U3|address_counter[5]         ; Merged with ControlUnit:U1|Dino:U3|address[5]        ;
; ControlUnit:U1|Dino:U3|address_counter[4]         ; Merged with ControlUnit:U1|Dino:U3|address[4]        ;
; ControlUnit:U1|Dino:U3|address_counter[3]         ; Merged with ControlUnit:U1|Dino:U3|address[3]        ;
; ControlUnit:U1|Dino:U3|address_counter[2]         ; Merged with ControlUnit:U1|Dino:U3|address[2]        ;
; ControlUnit:U1|Dino:U3|address_counter[1]         ; Merged with ControlUnit:U1|Dino:U3|address[1]        ;
; ControlUnit:U1|Dino:U3|address_counter[0]         ; Merged with ControlUnit:U1|Dino:U3|address[0]        ;
; ControlUnit:U1|Dino:U3|clk_div[0]                 ; Merged with hor_reg[0]                               ;
; ControlUnit:U1|Dino:U3|clk_div[25]                ; Lost fanout                                          ;
; Total Number of Removed Registers = 67            ;                                                      ;
+---------------------------------------------------+------------------------------------------------------+


+------------------------------------------------------+
; General Register Statistics                          ;
+----------------------------------------------+-------+
; Statistic                                    ; Value ;
+----------------------------------------------+-------+
; Total registers                              ; 65    ;
; Number of registers using Synchronous Clear  ; 0     ;
; Number of registers using Synchronous Load   ; 0     ;
; Number of registers using Asynchronous Clear ; 65    ;
; Number of registers using Asynchronous Load  ; 0     ;
; Number of registers using Clock Enable       ; 10    ;
; Number of registers using Preset             ; 0     ;
+----------------------------------------------+-------+


+-------------------------------------------------------------------------------------------------------------------------------------------------------+
; Multiplexer Restructuring Statistics (Restructuring Performed)                                                                                        ;
+--------------------+-----------+---------------+----------------------+------------------------+------------+-----------------------------------------+
; Multiplexer Inputs ; Bus Width ; Baseline Area ; Area if Restructured ; Saving if Restructured ; Registered ; Example Multiplexer Output              ;
+--------------------+-----------+---------------+----------------------+------------------------+------------+-----------------------------------------+
; 3:1                ; 13 bits   ; 26 LEs        ; 13 LEs               ; 13 LEs                 ; Yes        ; |Main|ControlUnit:U1|Dino:U3|address[0] ;
+--------------------+-----------+---------------+----------------------+------------------------+------------+-----------------------------------------+


+--------------------------------------------------------------------------------------------------------------------------+
; Source assignments for ControlUnit:U1|Dino:U3|DInoData:U6|altsyncram:altsyncram_component|altsyncram_pi91:auto_generated ;
+---------------------------------+--------------------+------+------------------------------------------------------------+
; Assignment                      ; Value              ; From ; To                                                         ;
+---------------------------------+--------------------+------+------------------------------------------------------------+
; OPTIMIZE_POWER_DURING_SYNTHESIS ; NORMAL_COMPILATION ; -    ; -                                                          ;
+---------------------------------+--------------------+------+------------------------------------------------------------+


+---------------------------------------------------------------------------------------------------------------------------+
; Source assignments for ControlUnit:U1|Dino:U3|DInoData1:U7|altsyncram:altsyncram_component|altsyncram_ak91:auto_generated ;
+---------------------------------+--------------------+------+-------------------------------------------------------------+
; Assignment                      ; Value              ; From ; To                                                          ;
+---------------------------------+--------------------+------+-------------------------------------------------------------+
; OPTIMIZE_POWER_DURING_SYNTHESIS ; NORMAL_COMPILATION ; -    ; -                                                           ;
+---------------------------------+--------------------+------+-------------------------------------------------------------+


+-----------------------------------------------------------------------------------------------------------------+
; Parameter Settings for User Entity Instance: ControlUnit:U1|Dino:U3|DInoData:U6|altsyncram:altsyncram_component ;
+------------------------------------+----------------------+-----------------------------------------------------+
; Parameter Name                     ; Value                ; Type                                                ;
+------------------------------------+----------------------+-----------------------------------------------------+
; BYTE_SIZE_BLOCK                    ; 8                    ; Untyped                                             ;
; AUTO_CARRY_CHAINS                  ; ON                   ; AUTO_CARRY                                          ;
; IGNORE_CARRY_BUFFERS               ; OFF                  ; IGNORE_CARRY                                        ;
; AUTO_CASCADE_CHAINS                ; ON                   ; AUTO_CASCADE                                        ;
; IGNORE_CASCADE_BUFFERS             ; OFF                  ; IGNORE_CASCADE                                      ;
; WIDTH_BYTEENA                      ; 1                    ; Untyped                                             ;
; OPERATION_MODE                     ; ROM                  ; Untyped                                             ;
; WIDTH_A                            ; 1                    ; Signed Integer                                      ;
; WIDTHAD_A                          ; 13                   ; Signed Integer                                      ;
; NUMWORDS_A                         ; 4199                 ; Signed Integer                                      ;
; OUTDATA_REG_A                      ; CLOCK0               ; Untyped                                             ;
; ADDRESS_ACLR_A                     ; NONE                 ; Untyped                                             ;
; OUTDATA_ACLR_A                     ; NONE                 ; Untyped                                             ;
; WRCONTROL_ACLR_A                   ; NONE                 ; Untyped                                             ;
; INDATA_ACLR_A                      ; NONE                 ; Untyped                                             ;
; BYTEENA_ACLR_A                     ; NONE                 ; Untyped                                             ;
; WIDTH_B                            ; 1                    ; Untyped                                             ;
; WIDTHAD_B                          ; 1                    ; Untyped                                             ;
; NUMWORDS_B                         ; 1                    ; Untyped                                             ;
; INDATA_REG_B                       ; CLOCK1               ; Untyped                                             ;
; WRCONTROL_WRADDRESS_REG_B          ; CLOCK1               ; Untyped                                             ;
; RDCONTROL_REG_B                    ; CLOCK1               ; Untyped                                             ;
; ADDRESS_REG_B                      ; CLOCK1               ; Untyped                                             ;
; OUTDATA_REG_B                      ; UNREGISTERED         ; Untyped                                             ;
; BYTEENA_REG_B                      ; CLOCK1               ; Untyped                                             ;
; INDATA_ACLR_B                      ; NONE                 ; Untyped                                             ;
; WRCONTROL_ACLR_B                   ; NONE                 ; Untyped                                             ;
; ADDRESS_ACLR_B                     ; NONE                 ; Untyped                                             ;
; OUTDATA_ACLR_B                     ; NONE                 ; Untyped                                             ;
; RDCONTROL_ACLR_B                   ; NONE                 ; Untyped                                             ;
; BYTEENA_ACLR_B                     ; NONE                 ; Untyped                                             ;
; WIDTH_BYTEENA_A                    ; 1                    ; Signed Integer                                      ;
; WIDTH_BYTEENA_B                    ; 1                    ; Untyped                                             ;
; RAM_BLOCK_TYPE                     ; AUTO                 ; Untyped                                             ;
; BYTE_SIZE                          ; 8                    ; Untyped                                             ;
; READ_DURING_WRITE_MODE_MIXED_PORTS ; DONT_CARE            ; Untyped                                             ;
; READ_DURING_WRITE_MODE_PORT_A      ; NEW_DATA_NO_NBE_READ ; Untyped                                             ;
; READ_DURING_WRITE_MODE_PORT_B      ; NEW_DATA_NO_NBE_READ ; Untyped                                             ;
; INIT_FILE                          ; Dino_Game.mif        ; Untyped                                             ;
; INIT_FILE_LAYOUT                   ; PORT_A               ; Untyped                                             ;
; MAXIMUM_DEPTH                      ; 0                    ; Untyped                                             ;
; CLOCK_ENABLE_INPUT_A               ; BYPASS               ; Untyped                                             ;
; CLOCK_ENABLE_INPUT_B               ; NORMAL               ; Untyped                                             ;
; CLOCK_ENABLE_OUTPUT_A              ; BYPASS               ; Untyped                                             ;
; CLOCK_ENABLE_OUTPUT_B              ; NORMAL               ; Untyped                                             ;
; CLOCK_ENABLE_CORE_A                ; USE_INPUT_CLKEN      ; Untyped                                             ;
; CLOCK_ENABLE_CORE_B                ; USE_INPUT_CLKEN      ; Untyped                                             ;
; ENABLE_ECC                         ; FALSE                ; Untyped                                             ;
; ECC_PIPELINE_STAGE_ENABLED         ; FALSE                ; Untyped                                             ;
; WIDTH_ECCSTATUS                    ; 3                    ; Untyped                                             ;
; DEVICE_FAMILY                      ; Cyclone III          ; Untyped                                             ;
; CBXI_PARAMETER                     ; altsyncram_pi91      ; Untyped                                             ;
+------------------------------------+----------------------+-----------------------------------------------------+
Note: In order to hide this table in the UI and the text report file, please set the "Show Parameter Settings in Synthesis Report" option in "Analysis and Synthesis Settings -> More Settings" to "Off".


+------------------------------------------------------------------------------------------------------------------+
; Parameter Settings for User Entity Instance: ControlUnit:U1|Dino:U3|DInoData1:U7|altsyncram:altsyncram_component ;
+------------------------------------+----------------------+------------------------------------------------------+
; Parameter Name                     ; Value                ; Type                                                 ;
+------------------------------------+----------------------+------------------------------------------------------+
; BYTE_SIZE_BLOCK                    ; 8                    ; Untyped                                              ;
; AUTO_CARRY_CHAINS                  ; ON                   ; AUTO_CARRY                                           ;
; IGNORE_CARRY_BUFFERS               ; OFF                  ; IGNORE_CARRY                                         ;
; AUTO_CASCADE_CHAINS                ; ON                   ; AUTO_CASCADE                                         ;
; IGNORE_CASCADE_BUFFERS             ; OFF                  ; IGNORE_CASCADE                                       ;
; WIDTH_BYTEENA                      ; 1                    ; Untyped                                              ;
; OPERATION_MODE                     ; ROM                  ; Untyped                                              ;
; WIDTH_A                            ; 1                    ; Signed Integer                                       ;
; WIDTHAD_A                          ; 13                   ; Signed Integer                                       ;
; NUMWORDS_A                         ; 4199                 ; Signed Integer                                       ;
; OUTDATA_REG_A                      ; CLOCK0               ; Untyped                                              ;
; ADDRESS_ACLR_A                     ; NONE                 ; Untyped                                              ;
; OUTDATA_ACLR_A                     ; NONE                 ; Untyped                                              ;
; WRCONTROL_ACLR_A                   ; NONE                 ; Untyped                                              ;
; INDATA_ACLR_A                      ; NONE                 ; Untyped                                              ;
; BYTEENA_ACLR_A                     ; NONE                 ; Untyped                                              ;
; WIDTH_B                            ; 1                    ; Untyped                                              ;
; WIDTHAD_B                          ; 1                    ; Untyped                                              ;
; NUMWORDS_B                         ; 1                    ; Untyped                                              ;
; INDATA_REG_B                       ; CLOCK1               ; Untyped                                              ;
; WRCONTROL_WRADDRESS_REG_B          ; CLOCK1               ; Untyped                                              ;
; RDCONTROL_REG_B                    ; CLOCK1               ; Untyped                                              ;
; ADDRESS_REG_B                      ; CLOCK1               ; Untyped                                              ;
; OUTDATA_REG_B                      ; UNREGISTERED         ; Untyped                                              ;
; BYTEENA_REG_B                      ; CLOCK1               ; Untyped                                              ;
; INDATA_ACLR_B                      ; NONE                 ; Untyped                                              ;
; WRCONTROL_ACLR_B                   ; NONE                 ; Untyped                                              ;
; ADDRESS_ACLR_B                     ; NONE                 ; Untyped                                              ;
; OUTDATA_ACLR_B                     ; NONE                 ; Untyped                                              ;
; RDCONTROL_ACLR_B                   ; NONE                 ; Untyped                                              ;
; BYTEENA_ACLR_B                     ; NONE                 ; Untyped                                              ;
; WIDTH_BYTEENA_A                    ; 1                    ; Signed Integer                                       ;
; WIDTH_BYTEENA_B                    ; 1                    ; Untyped                                              ;
; RAM_BLOCK_TYPE                     ; AUTO                 ; Untyped                                              ;
; BYTE_SIZE                          ; 8                    ; Untyped                                              ;
; READ_DURING_WRITE_MODE_MIXED_PORTS ; DONT_CARE            ; Untyped                                              ;
; READ_DURING_WRITE_MODE_PORT_A      ; NEW_DATA_NO_NBE_READ ; Untyped                                              ;
; READ_DURING_WRITE_MODE_PORT_B      ; NEW_DATA_NO_NBE_READ ; Untyped                                              ;
; INIT_FILE                          ; Dino_Game1.mif       ; Untyped                                              ;
; INIT_FILE_LAYOUT                   ; PORT_A               ; Untyped                                              ;
; MAXIMUM_DEPTH                      ; 0                    ; Untyped                                              ;
; CLOCK_ENABLE_INPUT_A               ; BYPASS               ; Untyped                                              ;
; CLOCK_ENABLE_INPUT_B               ; NORMAL               ; Untyped                                              ;
; CLOCK_ENABLE_OUTPUT_A              ; BYPASS               ; Untyped                                              ;
; CLOCK_ENABLE_OUTPUT_B              ; NORMAL               ; Untyped                                              ;
; CLOCK_ENABLE_CORE_A                ; USE_INPUT_CLKEN      ; Untyped                                              ;
; CLOCK_ENABLE_CORE_B                ; USE_INPUT_CLKEN      ; Untyped                                              ;
; ENABLE_ECC                         ; FALSE                ; Untyped                                              ;
; ECC_PIPELINE_STAGE_ENABLED         ; FALSE                ; Untyped                                              ;
; WIDTH_ECCSTATUS                    ; 3                    ; Untyped                                              ;
; DEVICE_FAMILY                      ; Cyclone III          ; Untyped                                              ;
; CBXI_PARAMETER                     ; altsyncram_ak91      ; Untyped                                              ;
+------------------------------------+----------------------+------------------------------------------------------+
Note: In order to hide this table in the UI and the text report file, please set the "Show Parameter Settings in Synthesis Report" option in "Analysis and Synthesis Settings -> More Settings" to "Off".


+-----------------------------------------------------------------------------------------------------------------+
; altsyncram Parameter Settings by Entity Instance                                                                ;
+-------------------------------------------+---------------------------------------------------------------------+
; Name                                      ; Value                                                               ;
+-------------------------------------------+---------------------------------------------------------------------+
; Number of entity instances                ; 2                                                                   ;
; Entity Instance                           ; ControlUnit:U1|Dino:U3|DInoData:U6|altsyncram:altsyncram_component  ;
;     -- OPERATION_MODE                     ; ROM                                                                 ;
;     -- WIDTH_A                            ; 1                                                                   ;
;     -- NUMWORDS_A                         ; 4199                                                                ;
;     -- OUTDATA_REG_A                      ; CLOCK0                                                              ;
;     -- WIDTH_B                            ; 1                                                                   ;
;     -- NUMWORDS_B                         ; 1                                                                   ;
;     -- ADDRESS_REG_B                      ; CLOCK1                                                              ;
;     -- OUTDATA_REG_B                      ; UNREGISTERED                                                        ;
;     -- RAM_BLOCK_TYPE                     ; AUTO                                                                ;
;     -- READ_DURING_WRITE_MODE_MIXED_PORTS ; DONT_CARE                                                           ;
; Entity Instance                           ; ControlUnit:U1|Dino:U3|DInoData1:U7|altsyncram:altsyncram_component ;
;     -- OPERATION_MODE                     ; ROM                                                                 ;
;     -- WIDTH_A                            ; 1                                                                   ;
;     -- NUMWORDS_A                         ; 4199                                                                ;
;     -- OUTDATA_REG_A                      ; CLOCK0                                                              ;
;     -- WIDTH_B                            ; 1                                                                   ;
;     -- NUMWORDS_B                         ; 1                                                                   ;
;     -- ADDRESS_REG_B                      ; CLOCK1                                                              ;
;     -- OUTDATA_REG_B                      ; UNREGISTERED                                                        ;
;     -- RAM_BLOCK_TYPE                     ; AUTO                                                                ;
;     -- READ_DURING_WRITE_MODE_MIXED_PORTS ; DONT_CARE                                                           ;
+-------------------------------------------+---------------------------------------------------------------------+


+------------------------------------------------------------------------------------------------------------------------------------------------------------------------------------------------------------+
; Port Connectivity Checks: "ControlUnit:U1|Score:U5"                                                                                                                                                        ;
+--------------+--------+----------+-------------------------------------------------------------------------------------------------------------------------------------------------------------------------+
; Port         ; Type   ; Severity ; Details                                                                                                                                                                 ;
+--------------+--------+----------+-------------------------------------------------------------------------------------------------------------------------------------------------------------------------+
; scoreHorFrom ; Output ; Warning  ; Output or bidir port (1 bits) is smaller than the port expression (12 bits) it drives.  The 11 most-significant bit(s) in the port expression will be connected to GND. ;
; scoreHorTo   ; Output ; Warning  ; Output or bidir port (1 bits) is smaller than the port expression (12 bits) it drives.  The 11 most-significant bit(s) in the port expression will be connected to GND. ;
; scoreVerFrom ; Output ; Warning  ; Output or bidir port (1 bits) is smaller than the port expression (12 bits) it drives.  The 11 most-significant bit(s) in the port expression will be connected to GND. ;
; scoreVerTo   ; Output ; Warning  ; Output or bidir port (1 bits) is smaller than the port expression (12 bits) it drives.  The 11 most-significant bit(s) in the port expression will be connected to GND. ;
+--------------+--------+----------+-------------------------------------------------------------------------------------------------------------------------------------------------------------------------+


+----------------------------------------------------------------------------------------------------------------------------------------------------------------------------+
; Port Connectivity Checks: "ControlUnit:U1|Dino:U3"                                                                                                                         ;
+----------------+--------+----------+---------------------------------------------------------------------------------------------------------------------------------------+
; Port           ; Type   ; Severity ; Details                                                                                                                               ;
+----------------+--------+----------+---------------------------------------------------------------------------------------------------------------------------------------+
; DinoPosHorFrom ; Output ; Warning  ; Output or bidir port (13 bits) is wider than the port expression (12 bits) it drives; bit(s) "DinoPosHorFrom[12..12]" have no fanouts ;
; DinoPosHorTo   ; Output ; Warning  ; Output or bidir port (13 bits) is wider than the port expression (12 bits) it drives; bit(s) "DinoPosHorTo[12..12]" have no fanouts   ;
; DinoPosVerFrom ; Output ; Warning  ; Output or bidir port (13 bits) is wider than the port expression (12 bits) it drives; bit(s) "DinoPosVerFrom[12..12]" have no fanouts ;
; DinoPosVerTo   ; Output ; Warning  ; Output or bidir port (13 bits) is wider than the port expression (12 bits) it drives; bit(s) "DinoPosVerTo[12..12]" have no fanouts   ;
+----------------+--------+----------+---------------------------------------------------------------------------------------------------------------------------------------+


+------------------------------------------------------------------------------------------------------------------------------------------------------------------------------------------------------------------------+
; Port Connectivity Checks: "ControlUnit:U1|Huddle:U2"                                                                                                                                                                   ;
+---------------+--------+----------+------------------------------------------------------------------------------------------------------------------------------------------------------------------------------------+
; Port          ; Type   ; Severity ; Details                                                                                                                                                                            ;
+---------------+--------+----------+------------------------------------------------------------------------------------------------------------------------------------------------------------------------------------+
; hor_reg       ; Input  ; Warning  ; Input port expression (11 bits) is wider than the input port (1 bits) it drives.  The 10 most-significant bit(s) in the expression will be dangling if they have no other fanouts. ;
; ver_reg       ; Input  ; Warning  ; Input port expression (10 bits) is wider than the input port (1 bits) it drives.  The 9 most-significant bit(s) in the expression will be dangling if they have no other fanouts.  ;
; hudPosHorFrom ; Output ; Warning  ; Output or bidir port (1 bits) is smaller than the port expression (12 bits) it drives.  The 11 most-significant bit(s) in the port expression will be connected to GND.            ;
; hudPosHorTo   ; Output ; Warning  ; Output or bidir port (1 bits) is smaller than the port expression (12 bits) it drives.  The 11 most-significant bit(s) in the port expression will be connected to GND.            ;
; hudPosVerFrom ; Output ; Warning  ; Output or bidir port (1 bits) is smaller than the port expression (12 bits) it drives.  The 11 most-significant bit(s) in the port expression will be connected to GND.            ;
; hudPosVerTo   ; Output ; Warning  ; Output or bidir port (1 bits) is smaller than the port expression (12 bits) it drives.  The 11 most-significant bit(s) in the port expression will be connected to GND.            ;
+---------------+--------+----------+------------------------------------------------------------------------------------------------------------------------------------------------------------------------------------+


+-------------------------------+
; Elapsed Time Per Partition    ;
+----------------+--------------+
; Partition Name ; Elapsed Time ;
+----------------+--------------+
; Top            ; 00:00:00     ;
+----------------+--------------+


+-------------------------------+
; Analysis & Synthesis Messages ;
+-------------------------------+
Info: *******************************************************************
Info: Running Quartus II 64-Bit Analysis & Synthesis
    Info: Version 13.0.1 Build 232 06/12/2013 Service Pack 1 SJ Web Edition
    Info: Processing started: Tue Sep 06 19:48:41 2022
Info: Command: quartus_map --read_settings_files=on --write_settings_files=off Dino_Game -c Dino_Game
Warning (20028): Parallel compilation is not licensed and has been disabled
Info (12021): Found 1 design units, including 1 entities, in source file dino.v
    Info (12023): Found entity 1: Dino
Info (12021): Found 1 design units, including 1 entities, in source file huddle.v
    Info (12023): Found entity 1: Huddle
Info (12021): Found 1 design units, including 1 entities, in source file space.v
    Info (12023): Found entity 1: space
Info (12021): Found 1 design units, including 1 entities, in source file countrolunit.v
    Info (12023): Found entity 1: ControlUnit
Info (12021): Found 1 design units, including 1 entities, in source file main.v
    Info (12023): Found entity 1: Main
Info (12021): Found 1 design units, including 1 entities, in source file score.v
    Info (12023): Found entity 1: Score
Info (12021): Found 1 design units, including 1 entities, in source file dinodata.v
    Info (12023): Found entity 1: DInoData
Info (12021): Found 1 design units, including 1 entities, in source file dinodata1.v
    Info (12023): Found entity 1: DInoData1
Info (12127): Elaborating entity "Main" for the top level hierarchy
Warning (10230): Verilog HDL assignment warning at Main.v(56): truncated value with size 32 to match size of target (10)
Warning (10230): Verilog HDL assignment warning at Main.v(60): truncated value with size 32 to match size of target (11)
Info (12128): Elaborating entity "ControlUnit" for hierarchy "ControlUnit:U1"
Info (12128): Elaborating entity "Huddle" for hierarchy "ControlUnit:U1|Huddle:U2"
Warning (10034): Output port "hudPosHorFrom" at Huddle.v(11) has no driver
Warning (10034): Output port "hudPosHorTo" at Huddle.v(11) has no driver
Warning (10034): Output port "hudPosVerFrom" at Huddle.v(11) has no driver
Warning (10034): Output port "hudPosVerTo" at Huddle.v(11) has no driver
Info (12128): Elaborating entity "Dino" for hierarchy "ControlUnit:U1|Dino:U3"
Info (12128): Elaborating entity "DInoData" for hierarchy "ControlUnit:U1|Dino:U3|DInoData:U6"
Info (12128): Elaborating entity "altsyncram" for hierarchy "ControlUnit:U1|Dino:U3|DInoData:U6|altsyncram:altsyncram_component"
Info (12130): Elaborated megafunction instantiation "ControlUnit:U1|Dino:U3|DInoData:U6|altsyncram:altsyncram_component"
Info (12133): Instantiated megafunction "ControlUnit:U1|Dino:U3|DInoData:U6|altsyncram:altsyncram_component" with the following parameter:
    Info (12134): Parameter "address_aclr_a" = "NONE"
    Info (12134): Parameter "clock_enable_input_a" = "BYPASS"
    Info (12134): Parameter "clock_enable_output_a" = "BYPASS"
    Info (12134): Parameter "init_file" = "Dino_Game.mif"
    Info (12134): Parameter "intended_device_family" = "Cyclone III"
    Info (12134): Parameter "lpm_hint" = "ENABLE_RUNTIME_MOD=NO"
    Info (12134): Parameter "lpm_type" = "altsyncram"
    Info (12134): Parameter "numwords_a" = "4199"
    Info (12134): Parameter "operation_mode" = "ROM"
    Info (12134): Parameter "outdata_aclr_a" = "NONE"
    Info (12134): Parameter "outdata_reg_a" = "CLOCK0"
    Info (12134): Parameter "widthad_a" = "13"
    Info (12134): Parameter "width_a" = "1"
    Info (12134): Parameter "width_byteena_a" = "1"
Info (12021): Found 1 design units, including 1 entities, in source file db/altsyncram_pi91.tdf
    Info (12023): Found entity 1: altsyncram_pi91
Info (12128): Elaborating entity "altsyncram_pi91" for hierarchy "ControlUnit:U1|Dino:U3|DInoData:U6|altsyncram:altsyncram_component|altsyncram_pi91:auto_generated"
Info (12128): Elaborating entity "DInoData1" for hierarchy "ControlUnit:U1|Dino:U3|DInoData1:U7"
Info (12128): Elaborating entity "altsyncram" for hierarchy "ControlUnit:U1|Dino:U3|DInoData1:U7|altsyncram:altsyncram_component"
Info (12130): Elaborated megafunction instantiation "ControlUnit:U1|Dino:U3|DInoData1:U7|altsyncram:altsyncram_component"
Info (12133): Instantiated megafunction "ControlUnit:U1|Dino:U3|DInoData1:U7|altsyncram:altsyncram_component" with the following parameter:
    Info (12134): Parameter "address_aclr_a" = "NONE"
    Info (12134): Parameter "clock_enable_input_a" = "BYPASS"
    Info (12134): Parameter "clock_enable_output_a" = "BYPASS"
    Info (12134): Parameter "init_file" = "Dino_Game1.mif"
    Info (12134): Parameter "intended_device_family" = "Cyclone III"
    Info (12134): Parameter "lpm_hint" = "ENABLE_RUNTIME_MOD=NO"
    Info (12134): Parameter "lpm_type" = "altsyncram"
    Info (12134): Parameter "numwords_a" = "4199"
    Info (12134): Parameter "operation_mode" = "ROM"
    Info (12134): Parameter "outdata_aclr_a" = "NONE"
    Info (12134): Parameter "outdata_reg_a" = "CLOCK0"
    Info (12134): Parameter "widthad_a" = "13"
    Info (12134): Parameter "width_a" = "1"
    Info (12134): Parameter "width_byteena_a" = "1"
Info (12021): Found 1 design units, including 1 entities, in source file db/altsyncram_ak91.tdf
    Info (12023): Found entity 1: altsyncram_ak91
Info (12128): Elaborating entity "altsyncram_ak91" for hierarchy "ControlUnit:U1|Dino:U3|DInoData1:U7|altsyncram:altsyncram_component|altsyncram_ak91:auto_generated"
Info (12128): Elaborating entity "space" for hierarchy "ControlUnit:U1|space:U4"
Info (12128): Elaborating entity "Score" for hierarchy "ControlUnit:U1|Score:U5"
Warning (10034): Output port "scoreHorFrom" at Score.v(4) has no driver
Warning (10034): Output port "scoreHorTo" at Score.v(4) has no driver
Warning (10034): Output port "scoreVerFrom" at Score.v(4) has no driver
Warning (10034): Output port "scoreVerTo" at Score.v(4) has no driver
Warning (12011): Net is missing source, defaulting to GND
    Warning (12110): Net "ControlUnit:U1|breakGameFlag" is missing source, defaulting to GND
Warning (12241): 3 hierarchies have connectivity warnings - see the Connectivity Checks report folder
Info (286030): Timing-Driven Synthesis is running
Info (17049): 1 registers lost all their fanouts during netlist optimizations.
Info (16010): Generating hard_block partition "hard_block:auto_generated_inst"
    Info (16011): Adding 0 node(s), including 0 DDIO, 0 PLL, 0 transceiver and 0 LCELL
Warning (21074): Design contains 2 input pin(s) that do not drive logic
    Warning (15610): No output dependent on input pin "KBclk"
    Warning (15610): No output dependent on input pin "KBin"
Info (21057): Implemented 139 device resources after synthesis - the final resource count might be different
    Info (21058): Implemented 4 input pins
    Info (21059): Implemented 6 output pins
    Info (21061): Implemented 127 logic cells
    Info (21064): Implemented 2 RAM segments
Info: Quartus II 64-Bit Analysis & Synthesis was successful. 0 errors, 17 warnings
    Info: Peak virtual memory: 4596 megabytes
    Info: Processing ended: Tue Sep 06 19:48:43 2022
    Info: Elapsed time: 00:00:02
    Info: Total CPU time (on all processors): 00:00:02


